<?xml version="1.0" encoding="UTF-8"?>
<!-- Generated by org.testng.reporters.JUnitReportReporter -->
<testsuite hostname="mahmudul" failures="0" tests="1" name="com.store.test.TestBase" time="1.403" errors="0" timestamp="2022-03-26T20:22:15 EDT" skipped="0">
  <testcase classname="com.store.test.TestBase" name="test1" time="1.403"/>
  <system-out>
    <![CDATA[the url is about to open
the url is open]]>
  </system-out>
</testsuite> <!-- com.store.test.TestBase -->
