<?xml version="1.0" encoding="UTF-8"?>
<!-- Generated by org.testng.reporters.JUnitReportReporter -->
<testsuite hostname="mahmudul" failures="0" tests="1" name="com.store.test.ChromeTest" time="1.167" errors="0" timestamp="2022-03-27T11:40:39 EDT" skipped="0">
  <testcase classname="com.store.test.ChromeTest" name="testOne" time="1.167"/>
  <system-out/>
</testsuite> <!-- com.store.test.ChromeTest -->
